./backtrack_lexer.c:17: MINOR:C-G7
./backtrack_lexer.c:41: MINOR:C-G7
./backtrack_lexer.c:75: MAJOR:C-F3
./backtrack_lexer.c:125: MAJOR:C-F4
./backtrack_lexer.c:126: MAJOR:C-F4
./backtrack_lexer.c:127: MAJOR:C-F4
./backtrack_lexer.c:128: MAJOR:C-F4
./backtrack_lexer.c:129: MAJOR:C-F4
./backtrack_lexer.c:130: MAJOR:C-F4
./backtrack_lexer.c:131: MAJOR:C-F3
./backtrack_lexer.c:131: MAJOR:C-F4
./backtrack_lexer.c:132: MAJOR:C-F4
./backtrack_lexer.c:133: MAJOR:C-F4
./backtrack_lexer.c:134: MAJOR:C-F4
./backtrack_lexer.c:135: MAJOR:C-F4
./backtrack_lexer.c:136: MAJOR:C-F4
./backtrack_lexer.c:137: MAJOR:C-F4
./backtrack_lexer.c:138: MAJOR:C-F4
./backtrack_lexer.c:139: MAJOR:C-F4
./backtrack_lexer.c:140: MAJOR:C-F4
./backtrack_lexer.c:141: MAJOR:C-F4
./backtrack_lexer.c:142: MAJOR:C-F3
./backtrack_lexer.c:142: MAJOR:C-F4
./backtrack_lexer.c:143: MAJOR:C-F4
./backtrack_lexer.c:144: MAJOR:C-F4
./backtrack_lexer.c:145: MAJOR:C-F4
./backtrack_lexer.c:146: MAJOR:C-F4
./backtrack_lexer.c:147: MAJOR:C-F4
./backtrack_lexer.c:148: MAJOR:C-F4
./lexer.c:99: MAJOR:C-F4
./lib_lexer/is_redirection.c:51: MINOR:C-L6
./parser.c:23: MAJOR:C-C1
./parser.c:23: MAJOR:C-F3
./parser.c:25: MAJOR:C-C1
./parser.c:25: MAJOR:C-F3
./parser.c:27: MAJOR:C-C1
./parser.c:27: MAJOR:C-F3
./parser.c:28: MAJOR:C-F3
./parser.c:29: MAJOR:C-C1
./parser.c:29: MAJOR:C-F3
./parser.c:30: MAJOR:C-F3
./parser.c:110: MAJOR:C-O3
./parser.c:132: MAJOR:C-F4
./parser.c:133: MAJOR:C-F4
./parser.c:134: MAJOR:C-F4
./parser.c:135: MAJOR:C-F4
./utils/and_utils.c:14: MINOR:C-L3
./utils/and_utils.c:16: MINOR:C-L3
./utils/and_utils.c:18: MINOR:C-L3
./utils/and_utils.c:19: MINOR:C-L3
./utils/and_utils.c:21: MINOR:C-L3
./utils/and_utils.c:22: MINOR:C-L3
./utils/and_utils.c:23: MINOR:C-L3
./utils/and_utils.c:25: MINOR:C-L3
./utils/and_utils.c:29: MINOR:C-L3
./utils/and_utils.c:34: MINOR:C-L3
./utils/and_utils.c:35: MINOR:C-L3
./utils/and_utils.c:38: MINOR:C-L3
./utils/and_utils.c:39: MINOR:C-L3
./utils/and_utils.c:42: MINOR:C-L3
./utils/and_utils.c:43: MINOR:C-L3
./utils/and_utils.c:49: MINOR:C-L3
./utils/or_utils.c:13: MINOR:C-L3
./utils/or_utils.c:15: MINOR:C-L3
./utils/or_utils.c:17: MINOR:C-L3
./utils/or_utils.c:18: MINOR:C-L3
./utils/or_utils.c:20: MINOR:C-L3
./utils/or_utils.c:21: MINOR:C-L3
./utils/or_utils.c:22: MINOR:C-L3
./utils/or_utils.c:23: MINOR:C-L3
./utils/or_utils.c:25: MINOR:C-L3
./utils/or_utils.c:29: MINOR:C-L3
./utils/or_utils.c:33: MINOR:C-L3
./utils/or_utils.c:34: MINOR:C-L3
./utils/or_utils.c:37: MINOR:C-L3
./utils/or_utils.c:38: MINOR:C-L3
./utils/or_utils.c:39: MINOR:C-L3
./utils/or_utils.c:40: MINOR:C-L3
./utils/or_utils.c:49: MINOR:C-L3
